<?xml version="1.0" encoding="utf-8"?><testsuites name="pytest tests"><testsuite name="pytest" errors="0" failures="0" skipped="2" tests="11" time="3.183" timestamp="2026-06-13T15:29:03.652889+00:00" hostname="agent-env-afe8d15c-8dba-4390-b34a-a5c67cfa0ee5"><testcase classname="tests.test_bank_recon" name="test_list_sessions" time="2.508" /><testcase classname="tests.test_bank_recon" name="test_get_session" time="0.141" /><testcase classname="tests.test_bank_recon" name="test_session_summary" time="0.045" /><testcase classname="tests.test_bank_recon" name="test_row_candidates" time="0.091" /><testcase classname="tests.test_bank_recon" name="test_mark_exception_and_unmatch_not_applicable" time="0.091" /><testcase classname="tests.test_bank_recon" name="test_bulk_auto_accept_field_names" time="0.047" /><testcase classname="tests.test_bank_recon" name="test_bulk_auto_accept_no_duplicates" time="0.045"><skipped type="pytest.skip" message="Need at least 2 matched rows to check deduplication">/app/backend/tests/test_bank_recon.py:206: Need at least 2 matched rows to check deduplication</skipped></testcase><testcase classname="tests.test_bank_recon" name="test_auto_match_rerun" time="0.049" /><testcase classname="tests.test_bank_recon" name="test_export_csv_field_names" time="0.046" /><testcase classname="tests.test_bank_recon" name="test_commit_session_empty_match" time="0.095" /><testcase classname="tests.test_bank_recon" name="test_bulk_accept_on_committed_session_rejected" time="0.000"><skipped type="pytest.skip" message="Requires a pre-committed session — covered by functional test">/app/backend/tests/test_bank_recon.py:271: Requires a pre-committed session — covered by functional test</skipped></testcase></testsuite></testsuites>