<?xml version="1.0" encoding="utf-8"?><testsuites name="pytest tests"><testsuite name="pytest" errors="0" failures="0" skipped="0" tests="15" time="1.500" timestamp="2026-06-14T08:56:33.809061+00:00" hostname="agent-env-afe8d15c-8dba-4390-b34a-a5c67cfa0ee5"><testcase classname="tests.test_threshold_wht_p2.TestThresholdGet" name="test_list_returns_200" time="0.580" /><testcase classname="tests.test_threshold_wht_p2.TestThresholdGet" name="test_list_returns_array" time="0.042" /><testcase classname="tests.test_threshold_wht_p2.TestThresholdGet" name="test_list_has_at_least_one_rule" time="0.083" /><testcase classname="tests.test_threshold_wht_p2.TestThresholdGet" name="test_rule_has_required_fields" time="0.045" /><testcase classname="tests.test_threshold_wht_p2.TestThresholdUpsert" name="test_upsert_group_returns_200" time="0.050" /><testcase classname="tests.test_threshold_wht_p2.TestThresholdUpsert" name="test_upsert_returns_rule_with_scope" time="0.054" /><testcase classname="tests.test_threshold_wht_p2.TestThresholdUpsert" name="test_upsert_idempotent_updates_existing" time="0.094" /><testcase classname="tests.test_threshold_wht_p2.TestThresholdDelete" name="test_delete_nonexistent_returns_404" time="0.042" /><testcase classname="tests.test_threshold_wht_p2.TestThresholdDelete" name="test_create_then_delete" time="0.130" /><testcase classname="tests.test_threshold_wht_p2.TestPaymentRunWHT" name="test_payment_run_list_not_500" time="0.083" /><testcase classname="tests.test_threshold_wht_p2.TestPaymentRunWHT" name="test_payment_run_kpi_not_500" time="0.043" /><testcase classname="tests.test_threshold_wht_p2.TestPaymentRunWHT" name="test_payment_run_create_validates_schema" time="0.043" /><testcase classname="tests.test_threshold_wht_p2.TestFinanceRoutes" name="test_anomalies_list" time="0.046" /><testcase classname="tests.test_threshold_wht_p2.TestFinanceRoutes" name="test_anomalies_summary" time="0.048" /><testcase classname="tests.test_threshold_wht_p2.TestFinanceRoutes" name="test_anomalies_thresholds_resolve" time="0.043" /></testsuite></testsuites>