<?xml version="1.0" encoding="utf-8"?><testsuites name="pytest tests"><testsuite name="pytest" errors="0" failures="0" skipped="12" tests="222" time="21.155" timestamp="2026-06-14T09:15:52.980595+00:00" hostname="agent-env-afe8d15c-8dba-4390-b34a-a5c67cfa0ee5"><testcase classname="tests.test_anomaly_feed_regression.TestAnomalyFeedBackend" name="test_list_anomalies_basic" time="0.458" /><testcase classname="tests.test_anomaly_feed_regression.TestAnomalyFeedBackend" name="test_list_anomalies_response_shape" time="0.047" /><testcase classname="tests.test_anomaly_feed_regression.TestAnomalyFeedBackend" name="test_pagination_params" time="0.091" /><testcase classname="tests.test_anomaly_feed_regression.TestAnomalyFeedBackend" name="test_filter_by_severity" time="0.136" /><testcase classname="tests.test_anomaly_feed_regression.TestAnomalyFeedBackend" name="test_filter_by_status" time="0.265" /><testcase classname="tests.test_anomaly_feed_regression.TestAnomalyFeedBackend" name="test_filter_by_type" time="0.143" /><testcase classname="tests.test_anomaly_feed_regression.TestAnomalyFeedBackend" name="test_filter_by_period" time="0.050" /><testcase classname="tests.test_anomaly_feed_regression.TestAnomalyFeedBackend" name="test_anomaly_types_endpoint" time="0.042" /><testcase classname="tests.test_anomaly_feed_regression.TestAnomalyFeedBackend" name="test_anomaly_summary_endpoint" time="0.056" /><testcase classname="tests.test_anomaly_feed_regression.TestAnomalyFeedBackend" name="test_csv_export_endpoint" time="0.047" /><testcase classname="tests.test_anomaly_feed_regression.TestAnomalyFeedBackend" name="test_triage_endpoint_exists" time="0.046" /><testcase classname="tests.test_anomaly_feed_regression.TestBug2AdminUsersEndpoint" name="test_admin_users_endpoint_exists" time="0.045" /><testcase classname="tests.test_anomaly_feed_regression.TestBug2AdminUsersEndpoint" name="test_admin_users_returns_list" time="0.045" /><testcase classname="tests.test_anomaly_feed_regression.TestBug2AdminUsersEndpoint" name="test_wrong_users_endpoint_absent_or_forbidden" time="0.083" /><testcase classname="tests.test_anomaly_feed_regression.TestBug1AnomalyFeedStateVars" name="test_all_query_params_accepted" time="0.045" /><testcase classname="tests.test_anomaly_feed_regression.TestBug1AnomalyFeedStateVars" name="test_sort_by_severity_param" time="0.049" /><testcase classname="tests.test_anomaly_feed_regression.TestBug1AnomalyFeedStateVars" name="test_search_query_param" time="0.048" /><testcase classname="tests.test_api_structure" name="test_no_trailing_slash_on_routes" time="2.830" /><testcase classname="tests.test_api_structure" name="test_trailing_slash_returns_400_not_404_or_307" time="0.041" /><testcase classname="tests.test_api_structure" name="test_trailing_slash_no_307_redirect" time="0.041" /><testcase classname="tests.test_api_structure" name="test_correct_url_still_works_after_middleware" time="0.059" /><testcase classname="tests.test_api_structure" name="test_root_path_not_affected" time="0.045" /><testcase classname="tests.test_approval.TestApprovalQueue" name="test_queue_admin" time="0.111" /><testcase classname="tests.test_approval.TestApprovalQueue" name="test_queue_with_filters" time="0.090" /><testcase classname="tests.test_approval.TestApprovalQueue" name="test_counts_admin" time="0.104" /><testcase classname="tests.test_approval.TestApprovalQueue" name="test_pending_alias" time="0.104" /><testcase classname="tests.test_approval.TestEntityTypes" name="test_entity_types_catalog" time="0.045" /><testcase classname="tests.test_approval.TestDelegationsSmoke" name="test_list_delegations" time="0.045" /><testcase classname="tests.test_approval.TestApprovalAuth" name="test_queue_unauthorized" time="0.043" /><testcase classname="tests.test_approval.TestApprovalMatrix" name="test_list_workflows_admin" time="0.044" /><testcase classname="tests.test_auth.TestLogin" name="test_login_admin_success" time="0.269" /><testcase classname="tests.test_auth.TestLogin" name="test_login_all_demo_users" time="0.000" /><testcase classname="tests.test_auth.TestLogin" name="test_login_wrong_password" time="0.267" /><testcase classname="tests.test_auth.TestLogin" name="test_login_unknown_user" time="0.045" /><testcase classname="tests.test_auth.TestLogin" name="test_login_validation_invalid_email" time="0.043" /><testcase classname="tests.test_auth.TestMe" name="test_me_returns_user_profile" time="0.045" /><testcase classname="tests.test_auth.TestMe" name="test_me_unauthorized" time="0.043" /><testcase classname="tests.test_auth.TestMe" name="test_me_invalid_token" time="0.044" /><testcase classname="tests.test_auth.TestLogoutAndRefresh" name="test_logout_with_token" time="0.315" /><testcase classname="tests.test_auth.TestLogoutAndRefresh" name="test_refresh_invalid_token" time="0.043" /><testcase classname="tests.test_auth.TestRoleAccess" name="test_admin_can_list_users" time="0.047" /><testcase classname="tests.test_auth.TestRoleAccess" name="test_outlet_manager_blocked_from_admin_users" time="0.045" /><testcase classname="tests.test_auth.TestChangePasswordRoundtrip" name="test_change_password_chain" time="2.124" /><testcase classname="tests.test_bank_recon" name="test_list_sessions" time="0.062" /><testcase classname="tests.test_bank_recon" name="test_get_session" time="0.142" /><testcase classname="tests.test_bank_recon" name="test_session_summary" time="0.045" /><testcase classname="tests.test_bank_recon" name="test_row_candidates" time="0.092" /><testcase classname="tests.test_bank_recon" name="test_mark_exception_and_unmatch_not_applicable" time="0.092" /><testcase classname="tests.test_bank_recon" name="test_bulk_auto_accept_field_names" time="0.049" /><testcase classname="tests.test_bank_recon" name="test_bulk_auto_accept_no_duplicates" time="0.045"><skipped type="pytest.skip" message="Need at least 2 matched rows to check deduplication">/app/backend/tests/test_bank_recon.py:208: Need at least 2 matched rows to check deduplication</skipped></testcase><testcase classname="tests.test_bank_recon" name="test_auto_match_rerun" time="0.048" /><testcase classname="tests.test_bank_recon" name="test_export_csv_field_names" time="0.046" /><testcase classname="tests.test_bank_recon" name="test_commit_session_empty_match" time="0.095" /><testcase classname="tests.test_bank_recon" name="test_bulk_accept_on_committed_session_rejected" time="0.000"><skipped type="pytest.skip" message="Requires a pre-committed session — covered by functional test">/app/backend/tests/test_bank_recon.py:273: Requires a pre-committed session — covered by functional test</skipped></testcase><testcase classname="tests.test_bank_recon" name="test_build_candidates_includes_je" time="0.101" /><testcase classname="tests.test_bank_recon" name="test_je_candidate_fields" time="0.098" /><testcase classname="tests.test_bank_recon" name="test_session_stores_gl_account_id" time="0.095" /><testcase classname="tests.test_bank_recon" name="test_reverse_commit_returns_pending" time="0.194" /><testcase classname="tests.test_bank_recon" name="test_reverse_preserves_match_data" time="0.045" /><testcase classname="tests.test_bank_recon" name="test_reverse_on_pending_session_fails" time="0.045" /><testcase classname="tests.test_bank_recon" name="test_can_recommit_after_reverse" time="0.048" /><testcase classname="tests.test_finance_ar.TestARCustomers" name="test_list_customers_admin" time="0.057" /><testcase classname="tests.test_finance_ar.TestARCustomers" name="test_create_customer_happy" time="0.047" /><testcase classname="tests.test_finance_ar.TestARCustomers" name="test_create_customer_missing_name" time="0.045" /><testcase classname="tests.test_finance_ar.TestARCustomers" name="test_customers_unauthorized" time="0.045" /><testcase classname="tests.test_finance_ar.TestARInvoices" name="test_list_invoices" time="0.053" /><testcase classname="tests.test_finance_ar.TestARInvoices" name="test_create_invoice_happy" time="0.094" /><testcase classname="tests.test_finance_ar.TestARInvoices" name="test_create_invoice_no_lines_rejected" time="0.093" /><testcase classname="tests.test_finance_ar.TestARInvoices" name="test_get_invoice" time="0.140" /><testcase classname="tests.test_finance_ar.TestARInvoices" name="test_send_invoice" time="0.143" /><testcase classname="tests.test_finance_ar.TestARInvoices" name="test_record_receipt" time="0.149" /><testcase classname="tests.test_finance_ar.TestARInvoices" name="test_receipt_zero_amount_rejected" time="0.140" /><testcase classname="tests.test_finance_ar.TestARReports" name="test_ar_aging" time="0.059" /><testcase classname="tests.test_finance_ar.TestARReports" name="test_ar_reconciliation" time="0.050" /><testcase classname="tests.test_inventory.TestInventoryRead" name="test_stock_balance_all" time="0.047" /><testcase classname="tests.test_inventory.TestInventoryRead" name="test_stock_balance_by_outlet" time="0.093" /><testcase classname="tests.test_inventory.TestInventoryRead" name="test_stock_movements_list" time="0.047" /><testcase classname="tests.test_inventory.TestInventoryRead" name="test_inventory_valuation" time="0.047" /><testcase classname="tests.test_inventory.TestInventoryRead" name="test_inventory_unauthorized" time="0.043" /><testcase classname="tests.test_inventory.TestInventoryTransfers" name="test_list_transfers" time="0.046" /><testcase classname="tests.test_inventory.TestInventoryTransfers" name="test_create_and_send_transfer" time="0.186" /><testcase classname="tests.test_inventory.TestInventoryTransfers" name="test_transfer_missing_items_rejected" time="0.046" /><testcase classname="tests.test_inventory.TestInventoryAdjustments" name="test_list_adjustments" time="0.048" /><testcase classname="tests.test_inventory.TestInventoryAdjustments" name="test_create_adjustment_happy" time="0.048" /><testcase classname="tests.test_inventory.TestInventoryAdjustments" name="test_create_adjustment_no_lines_rejected" time="0.045" /><testcase classname="tests.test_inventory.TestInventoryAdjustments" name="test_approve_nonexistent_adjustment_404" time="0.045" /><testcase classname="tests.test_journal.TestChartOfAccounts" name="test_list_coa" time="0.049" /><testcase classname="tests.test_journal.TestJournalList" name="test_list_journals_admin" time="0.059" /><testcase classname="tests.test_journal.TestJournalList" name="test_journal_entries_alias" time="0.055" /><testcase classname="tests.test_journal.TestJournalList" name="test_journals_unauthorized" time="0.044" /><testcase classname="tests.test_journal.TestTrialBalanceAndPL" name="test_trial_balance" time="0.053" /><testcase classname="tests.test_journal.TestTrialBalanceAndPL" name="test_profit_loss" time="0.056" /><testcase classname="tests.test_journal.TestManualJE" name="test_unbalanced_je_rejected" time="0.094" /><testcase classname="tests.test_journal.TestManualJE" name="test_balanced_je_created" time="0.047"><skipped type="pytest.skip" message="JE creation rejected (likely period closed/locked): {'success': False, 'data': None, 'errors': [{'code': 'NOT_FOUND', 'message': &quot;Number series 'JE' not configured&quot;}], 'meta': None}">/app/backend/tests/test_journal.py:124: JE creation rejected (likely period closed/locked): {'success': False, 'data': None, 'errors': [{'code': 'NOT_FOUND', 'message': "Number series 'JE' not configured"}], 'meta': None}</skipped></testcase><testcase classname="tests.test_outlet.TestPettyCash" name="test_list_petty_cash" time="0.093" /><testcase classname="tests.test_outlet.TestPettyCash" name="test_petty_cash_balance" time="0.046" /><testcase classname="tests.test_outlet.TestPettyCash" name="test_create_petty_cash_happy" time="0.047" /><testcase classname="tests.test_outlet.TestPettyCash" name="test_create_petty_cash_missing_amount_rejected" time="0.045" /><testcase classname="tests.test_outlet.TestPettyCash" name="test_petty_cash_unauthorized" time="0.044" /><testcase classname="tests.test_outlet.TestDailySales" name="test_list_daily_sales" time="0.048" /><testcase classname="tests.test_outlet.TestDailySales" name="test_create_draft_daily_sales" time="0.047" /><testcase classname="tests.test_outlet.TestDailySales" name="test_daily_sales_missing_outlet_rejected" time="0.045" /><testcase classname="tests.test_outlet.TestDailySales" name="test_daily_sales_unauthorized" time="0.043" /><testcase classname="tests.test_outlet.TestUrgentPurchases" name="test_list_urgent_purchases" time="0.047" /><testcase classname="tests.test_outlet.TestUrgentPurchases" name="test_create_urgent_purchase" time="0.061" /><testcase classname="tests.test_payment_run_templates.TestPaymentRunTemplatesCRUD" name="test_list_returns_200_and_array" time="0.487" /><testcase classname="tests.test_payment_run_templates.TestPaymentRunTemplatesCRUD" name="test_trailing_slash_returns_400_or_405" time="0.042" /><testcase classname="tests.test_payment_run_templates.TestPaymentRunTemplatesCRUD" name="test_create_template" time="0.093" /><testcase classname="tests.test_payment_run_templates.TestPaymentRunTemplatesCRUD" name="test_get_single_template" time="0.046" /><testcase classname="tests.test_payment_run_templates.TestPaymentRunTemplatesCRUD" name="test_update_template_name" time="0.047" /><testcase classname="tests.test_payment_run_templates.TestPaymentRunTemplatesCRUD" name="test_apply_template_with_empty_items" time="0.045" /><testcase classname="tests.test_payment_run_templates.TestPaymentRunTemplatesCRUD" name="test_delete_template" time="0.091" /><testcase classname="tests.test_payment_run_templates.TestPaymentRunTemplatesCRUD" name="test_create_and_apply_with_items" time="0.127"><skipped type="pytest.skip" message="No COA available">/app/backend/tests/test_payment_run_templates.py:118: No COA available</skipped></testcase><testcase classname="tests.test_payment_runs.TestPaymentRunsBasic" name="test_kpi_shape" time="0.378" /><testcase classname="tests.test_payment_runs.TestPaymentRunsBasic" name="test_list_empty_ok" time="0.056" /><testcase classname="tests.test_payment_runs.TestPaymentRunsBasic" name="test_trailing_slash_rejected" time="0.042" /><testcase classname="tests.test_payment_runs.TestPaymentRunsBasic" name="test_unauthenticated_rejected" time="0.045" /><testcase classname="tests.test_payment_runs.TestPaymentRunsWorkflow" name="test_create_draft" time="0.130"><skipped type="pytest.skip" message="Tidak ada approved payment (tanpa withholding) di DB">/app/backend/tests/test_payment_runs.py:117: Tidak ada approved payment (tanpa withholding) di DB</skipped></testcase><testcase classname="tests.test_payment_runs.TestPaymentRunsWorkflow" name="test_get_detail" time="0.000"><skipped type="pytest.skip" message="No run created">/app/backend/tests/test_payment_runs.py:139: No run created</skipped></testcase><testcase classname="tests.test_payment_runs.TestPaymentRunsWorkflow" name="test_confirm_run" time="0.000"><skipped type="pytest.skip" message="No run created">/app/backend/tests/test_payment_runs.py:151: No run created</skipped></testcase><testcase classname="tests.test_payment_runs.TestPaymentRunsWorkflow" name="test_post_run" time="0.000"><skipped type="pytest.skip" message="No run created">/app/backend/tests/test_payment_runs.py:161: No run created</skipped></testcase><testcase classname="tests.test_payment_runs.TestPaymentRunsWorkflow" name="test_posted_je_exists" time="0.000"><skipped type="pytest.skip" message="No JE id recorded">/app/backend/tests/test_payment_runs.py:173: No JE id recorded</skipped></testcase><testcase classname="tests.test_payment_runs.TestPaymentRunsErrors" name="test_create_without_pay_ids" time="0.048" /><testcase classname="tests.test_payment_runs.TestPaymentRunsErrors" name="test_cancel_posted_run_fails" time="0.000"><skipped type="pytest.skip" message="No run to test cancel">/app/backend/tests/test_payment_runs.py:194: No run to test cancel</skipped></testcase><testcase classname="tests.test_payment_runs.TestPaymentRunsErrors" name="test_post_draft_run_fails" time="0.000"><skipped type="pytest.skip" message="Tidak ada approved payment (tanpa withholding) di DB">/app/backend/tests/test_payment_runs.py:199: Tidak ada approved payment (tanpa withholding) di DB</skipped></testcase><testcase classname="tests.test_payment_runs.TestPaymentRunsErrors" name="test_cancel_draft_run" time="0.046"><skipped type="pytest.skip" message="No approved payment for cancel test">/app/backend/tests/test_payment_runs.py:220: No approved payment for cancel test</skipped></testcase><testcase classname="tests.test_period.TestPeriodList" name="test_list_periods" time="0.006" /><testcase classname="tests.test_period.TestPeriodList" name="test_period_detail" time="0.045" /><testcase classname="tests.test_period.TestClosingChecks" name="test_closing_checks_preview" time="0.055" /><testcase classname="tests.test_period.TestClosingChecks" name="test_tax_settlement_preview" time="0.046" /><testcase classname="tests.test_period.TestLockStatus" name="test_lock_status_endpoint" time="0.045" /><testcase classname="tests.test_period.TestPeriodAuth" name="test_list_periods_unauthorized" time="0.044" /><testcase classname="tests.test_phase5_refactor" name="test_health" time="0.100" /><testcase classname="tests.test_phase5_refactor" name="test_admin_login_envelope" time="0.327" /><testcase classname="tests.test_phase5_refactor.TestBudgetReadEndpoints" name="test_get_categories" time="0.429" /><testcase classname="tests.test_phase5_refactor.TestBudgetReadEndpoints" name="test_list_budgets" time="0.107" /><testcase classname="tests.test_phase5_refactor.TestBudgetCRUD" name="test_a_create_budget" time="0.190" /><testcase classname="tests.test_phase5_refactor.TestBudgetCRUD" name="test_b_get_budget" time="0.104" /><testcase classname="tests.test_phase5_refactor.TestBudgetCRUD" name="test_c_update_budget" time="0.199" /><testcase classname="tests.test_phase5_refactor.TestBudgetCRUD" name="test_d_submit_for_approval" time="0.110" /><testcase classname="tests.test_phase5_refactor.TestBudgetCRUD" name="test_e_delete_budget" time="0.093" /><testcase classname="tests.test_phase5_refactor.TestBudgetVsActual" name="test_vs_actual" time="0.101" /><testcase classname="tests.test_phase5_refactor.TestBudgetVsActual" name="test_vs_actual_multi_outlet" time="0.104" /><testcase classname="tests.test_phase5_refactor.TestBudgetTemplate" name="test_template_simple" time="0.099" /><testcase classname="tests.test_phase5_refactor.TestBudgetTemplate" name="test_template_monthly" time="0.107" /><testcase classname="tests.test_phase5_refactor.TestBusinessRulesReadEndpoints" name="test_seed_defaults" time="0.103" /><testcase classname="tests.test_phase5_refactor.TestBusinessRulesReadEndpoints" name="test_list_by_rule_type" time="0.088" /><testcase classname="tests.test_phase5_refactor.TestBusinessRulesReadEndpoints" name="test_timeline" time="0.104" /><testcase classname="tests.test_phase5_refactor.TestBusinessRulesReadEndpoints" name="test_rule_types_config" time="0.102" /><testcase classname="tests.test_phase5_refactor.TestBusinessRulesCRUD" name="test_a_create_rule" time="0.095" /><testcase classname="tests.test_phase5_refactor.TestBusinessRulesCRUD" name="test_b_update_rule" time="0.093" /><testcase classname="tests.test_phase5_refactor.TestBusinessRulesCRUD" name="test_c_duplicate_rule" time="0.099" /><testcase classname="tests.test_phase5_refactor.TestBusinessRulesCRUD" name="test_d_archive_rule" time="0.119" /><testcase classname="tests.test_phase5_refactor.TestBusinessRulesCRUD" name="test_e_activate_rule" time="0.098" /><testcase classname="tests.test_phase5_refactor.TestBusinessRulesCRUD" name="test_f_delete_rule" time="0.101" /><testcase classname="tests.test_phase5_refactor.TestDownstreamConsumers" name="test_anomalies_endpoint" time="0.116" /><testcase classname="tests.test_phase5_refactor.TestDownstreamConsumers" name="test_hr_service_charge_endpoint" time="0.295" /><testcase classname="tests.test_procurement.TestListEndpoints" name="test_list_prs_admin" time="0.008" /><testcase classname="tests.test_procurement.TestListEndpoints" name="test_list_pos_admin" time="0.047" /><testcase classname="tests.test_procurement.TestListEndpoints" name="test_list_grs_admin" time="0.048" /><testcase classname="tests.test_procurement.TestOutletScopeIsolation" name="test_alt_manager_pos_scoped" time="0.090" /><testcase classname="tests.test_procurement.TestCreatePR" name="test_create_pr_without_outlet_rejected" time="0.093" /><testcase classname="tests.test_procurement.TestCreatePR" name="test_create_pr_with_outlet" time="0.049" /><testcase classname="tests.test_procurement.TestWorkboard" name="test_workboard_admin" time="0.054" /><testcase classname="tests.test_procurement.TestVendorScorecard" name="test_vendor_scorecard" time="0.091" /><testcase classname="tests.test_procurement.TestProcurementAuth" name="test_unauthorized_list" time="0.043" /><testcase classname="tests.test_threshold_wht_p2.TestThresholdGet" name="test_list_returns_200" time="0.382" /><testcase classname="tests.test_threshold_wht_p2.TestThresholdGet" name="test_list_returns_array" time="0.048" /><testcase classname="tests.test_threshold_wht_p2.TestThresholdGet" name="test_list_has_at_least_one_rule" time="0.049" /><testcase classname="tests.test_threshold_wht_p2.TestThresholdGet" name="test_rule_has_required_fields" time="0.047" /><testcase classname="tests.test_threshold_wht_p2.TestThresholdUpsert" name="test_upsert_group_returns_200" time="0.050" /><testcase classname="tests.test_threshold_wht_p2.TestThresholdUpsert" name="test_upsert_returns_rule_with_scope" time="0.050" /><testcase classname="tests.test_threshold_wht_p2.TestThresholdUpsert" name="test_upsert_idempotent_updates_existing" time="0.105" /><testcase classname="tests.test_threshold_wht_p2.TestThresholdDelete" name="test_delete_nonexistent_returns_404" time="0.049" /><testcase classname="tests.test_threshold_wht_p2.TestThresholdDelete" name="test_create_then_delete" time="0.144" /><testcase classname="tests.test_threshold_wht_p2.TestPaymentRunWHT" name="test_payment_run_list_not_500" time="0.049" /><testcase classname="tests.test_threshold_wht_p2.TestPaymentRunWHT" name="test_payment_run_kpi_not_500" time="0.047" /><testcase classname="tests.test_threshold_wht_p2.TestPaymentRunWHT" name="test_payment_run_create_validates_schema" time="0.046" /><testcase classname="tests.test_threshold_wht_p2.TestFinanceRoutes" name="test_anomalies_list" time="0.050" /><testcase classname="tests.test_threshold_wht_p2.TestFinanceRoutes" name="test_anomalies_summary" time="0.050" /><testcase classname="tests.test_threshold_wht_p2.TestFinanceRoutes" name="test_anomalies_thresholds_resolve" time="0.049" /><testcase classname="tests.test_write_off.TestARWriteOff" name="test_write_off_happy_path" time="0.148" /><testcase classname="tests.test_write_off.TestARWriteOff" name="test_write_off_no_reason" time="0.235" /><testcase classname="tests.test_write_off.TestARWriteOff" name="test_write_off_already_written_off" time="0.235" /><testcase classname="tests.test_write_off.TestARWriteOff" name="test_write_off_xlsx_export" time="0.082" /><testcase classname="tests.unit.test_ar_service.TestARCustomer" name="test_create_customer_success" time="0.004" /><testcase classname="tests.unit.test_ar_service.TestARCustomer" name="test_list_customers" time="0.002" /><testcase classname="tests.unit.test_ar_service.TestARCustomer" name="test_update_customer" time="0.002" /><testcase classname="tests.unit.test_ar_service.TestARInvoice" name="test_next_invoice_no_format" time="0.001" /><testcase classname="tests.unit.test_ar_service.TestARInvoice" name="test_next_invoice_no_increments" time="0.001" /><testcase classname="tests.unit.test_ar_service.TestARInvoice" name="test_create_invoice_success" time="0.005" /><testcase classname="tests.unit.test_ar_service.TestARInvoice" name="test_list_invoices_with_status_filter" time="0.002" /><testcase classname="tests.unit.test_ar_service.TestARInvoice" name="test_get_invoice_by_id" time="0.001" /><testcase classname="tests.unit.test_ar_service.TestARInvoice" name="test_get_invoice_returns_none_when_not_found" time="0.001" /><testcase classname="tests.unit.test_ar_service.TestARReceipt" name="test_record_receipt_full_payment" time="0.005" /><testcase classname="tests.unit.test_ar_service.TestARAging" name="test_ar_aging_buckets" time="0.001" /><testcase classname="tests.unit.test_period_service.TestPeriodCommon" name="test_valid_period_correct_format" time="0.000" /><testcase classname="tests.unit.test_period_service.TestPeriodCommon" name="test_valid_period_incorrect_format" time="0.000" /><testcase classname="tests.unit.test_period_service.TestPeriodGuards" name="test_derive_period_from_date" time="0.000" /><testcase classname="tests.unit.test_period_service.TestPeriodGuards" name="test_derive_period_from_date_invalid" time="0.000" /><testcase classname="tests.unit.test_period_service.TestPeriodGuards" name="test_derive_period_from_date_short_string" time="0.000" /><testcase classname="tests.unit.test_period_service.TestPeriodGuards" name="test_is_period_locked_locked" time="0.001" /><testcase classname="tests.unit.test_period_service.TestPeriodGuards" name="test_is_period_locked_open" time="0.001" /><testcase classname="tests.unit.test_period_service.TestPeriodGuards" name="test_is_period_locked_not_found_defaults_open" time="0.001" /><testcase classname="tests.unit.test_period_service.TestPeriodGuards" name="test_assert_period_unlocked_raises_when_locked" time="0.001" /><testcase classname="tests.unit.test_period_service.TestPeriodGuards" name="test_assert_period_unlocked_passes_when_open" time="0.001" /><testcase classname="tests.unit.test_period_service.TestPeriodCRUD" name="test_list_periods_returns_list" time="0.002" /><testcase classname="tests.unit.test_period_service.TestPeriodCRUD" name="test_get_period_returns_period" time="0.001" /><testcase classname="tests.unit.test_period_service.TestPeriodCRUD" name="test_get_period_not_found_raises_validation_error" time="0.001" /><testcase classname="tests.unit.test_period_service.TestPeriodTransitions" name="test_close_period_updates_status" time="0.004" /><testcase classname="tests.unit.test_reservation_service.TestReservationCommon" name="test_normalize_phone_removes_spaces_hyphens" time="0.000" /><testcase classname="tests.unit.test_reservation_service.TestReservationCommon" name="test_normalize_phone_does_not_convert_to_e164" time="0.000" /><testcase classname="tests.unit.test_reservation_service.TestReservationCommon" name="test_normalize_phone_removes_special_chars" time="0.000" /><testcase classname="tests.unit.test_reservation_service.TestReservationCommon" name="test_phone_variants_generates_alternatives" time="0.000" /><testcase classname="tests.unit.test_reservation_service.TestReservationCRUD" name="test_create_reservation_success" time="0.005" /><testcase classname="tests.unit.test_reservation_service.TestReservationCRUD" name="test_list_reservations_with_filters" time="0.005" /><testcase classname="tests.unit.test_reservation_service.TestReservationCRUD" name="test_get_reservation_by_id" time="0.004" /><testcase classname="tests.unit.test_reservation_service.TestReservationCRUD" name="test_get_reservation_not_found" time="0.022" /><testcase classname="tests.unit.test_reservation_service.TestReservationCRUD" name="test_update_reservation" time="0.004" /><testcase classname="tests.unit.test_reservation_service.TestReservationCRUD" name="test_delete_reservation_soft_delete" time="0.004" /><testcase classname="tests.unit.test_reservation_service.TestReservationStatus" name="test_update_status_to_confirmed" time="0.004" /><testcase classname="tests.unit.test_reservation_service.TestReservationStatus" name="test_update_status_invalid_transition" time="0.006" /></testsuite></testsuites>