<?xml version="1.0" encoding="utf-8"?><testsuites name="pytest tests"><testsuite name="pytest" errors="0" failures="0" skipped="0" tests="4" time="1.194" timestamp="2026-06-13T14:46:04.620181+00:00" hostname="agent-env-afe8d15c-8dba-4390-b34a-a5c67cfa0ee5"><testcase classname="tests.test_write_off.TestWriteOff" name="test_write_off_conflict_already_written_off" time="0.507" /><testcase classname="tests.test_write_off.TestWriteOff" name="test_write_off_missing_reason_returns_400" time="0.207" /><testcase classname="tests.test_write_off.TestWriteOff" name="test_write_off_success" time="0.209" /><testcase classname="tests.test_write_off.TestWriteOff" name="test_write_off_idempotent_returns_409" time="0.102" /></testsuite></testsuites>